<?xml version="1.0" encoding="UTF-8" ?>
<testsuite tests="6" failures="0" name="net.viktorc.detroid.engine.PerfTest" time="43.126" errors="0" skipped="0">
  <properties>
[...]
</properties>
  <testcase classname="net.viktorc.detroid.engine.PerfTest" name="perft[0]" time="4.939"/>
  <testcase classname="net.viktorc.detroid.engine.PerfTest" name="perft[1]" time="5.337"/>
  <testcase classname="net.viktorc.detroid.engine.PerfTest" name="perft[2]" time="7.401"/>
  <testcase classname="net.viktorc.detroid.engine.PerfTest" name="perft[3]" time="18.819"/>
  <testcase classname="net.viktorc.detroid.engine.PerfTest" name="perft[4]" time="2.473"/>
  <testcase classname="net.viktorc.detroid.engine.PerfTest" name="perft[5]" time="4.157"/>
</testsuite>